<?xml version="1.0" encoding="UTF-8"?>
<!-- Generated by org.testng.reporters.JUnitReportReporter -->
<testsuite hostname="Lenovo-PC" name="automationFramework.loginSetup_TestCase" tests="1" failures="0" timestamp="6 Nov 2014 06:49:06 GMT" time="60.940" errors="0">
  <testcase name="main" time="60.940" classname="automationFramework.loginSetup_TestCase"/>
</testsuite> <!-- automationFramework.loginSetup_TestCase -->
